<?xml version="1.0" encoding="UTF-8"?>
<testsuite name="searchingsortingbigopartb.prework.AmazonOrderServicePhase1Test" tests="6" skipped="0" failures="0" errors="0" timestamp="2024-12-06T20:00:01" hostname="QUANTUM" time="0.018">
  <properties/>
  <testcase name="findPackageLinear_asinFirstItem_returnsCorrectAmazonPackage()" classname="searchingsortingbigopartb.prework.AmazonOrderServicePhase1Test" time="0.014"/>
  <testcase name="findPackageLinear_asinPresent_returnsCorrectAmazonPackage()" classname="searchingsortingbigopartb.prework.AmazonOrderServicePhase1Test" time="0.001"/>
  <testcase name="findPackageLinear_asinLastItem_returnsCorrectAmazonPackage()" classname="searchingsortingbigopartb.prework.AmazonOrderServicePhase1Test" time="0.0"/>
  <testcase name="findPackageLinear_asinPresentOneElementList_returnsCorrectAmazonPackage()" classname="searchingsortingbigopartb.prework.AmazonOrderServicePhase1Test" time="0.0"/>
  <testcase name="findPackageLinear_emptyPackageList_throwsPackageNotFoundException()" classname="searchingsortingbigopartb.prework.AmazonOrderServicePhase1Test" time="0.001"/>
  <testcase name="findPackageLinear_asinNotPresent_throwsPackageNotFoundException()" classname="searchingsortingbigopartb.prework.AmazonOrderServicePhase1Test" time="0.0"/>
  <system-out><![CDATA[]]></system-out>
  <system-err><![CDATA[]]></system-err>
</testsuite>
